\BOOKMARK [0][-]{chapter.1}{\376\377\000I\000n\000t\000r\000o\000d\000u\000c\000t\000i\000o\000n}{}% 1
\BOOKMARK [1][-]{section.1.1}{\376\377\000C\000o\000n\000v\000o\000l\000u\000t\000i\000o\000n\000\040\000:}{chapter.1}% 2
\BOOKMARK [1][-]{section.1.2}{\376\377\000S\000t\000e\000p\000\040\000I\000n\000p\000u\000t\000\040\000\050\000f\000\050\000t\000\051\000\040\000=\000\040\000u\000\050\000t\000\051\000\051}{chapter.1}% 3
\BOOKMARK [1][-]{section.1.3}{\376\377\000P\000o\000l\000y\000n\000o\000m\000i\000a\000l\000\040\000i\000n\000p\000u\000t}{chapter.1}% 4
\BOOKMARK [1][-]{section.1.4}{\376\377\000S\000i\000n\000u\000s\000o\000i\000d\000a\000l\000\040\000I\000n\000p\000u\000t}{chapter.1}% 5
\BOOKMARK [1][-]{section.1.5}{\376\377\000I\000m\000p\000u\000l\000s\000e\000\040\000I\000n\000p\000u\000t}{chapter.1}% 6
\BOOKMARK [1][-]{section.1.6}{\376\377\000E\000x\000p\000o\000n\000t\000i\000a\000l\000\040\000F\000u\000n\000c\000t\000i\000o\000n}{chapter.1}% 7
\BOOKMARK [0][-]{chapter.2}{\376\377\000B\000e\000h\000a\000v\000i\000o\000r\000\040\000o\000f\000\040\000t\000h\000e\000\040\000C\000o\000n\000v\000o\000l\000u\000t\000i\000o\000n}{}% 8
\BOOKMARK [1][-]{section.2.1}{\376\377\000S\000t\000e\000p\000\040\000i\000n\000p\000u\000t}{chapter.2}% 9
\BOOKMARK [2][-]{subsection.2.1.1}{\376\377\000S\000p\000e\000c\000i\000f\000i\000c\000\040\000C\000a\000s\000e\000s}{section.2.1}% 10
\BOOKMARK [2][-]{subsection.2.1.2}{\376\377\000G\000r\000a\000p\000h\000i\000c\000a\000l\000\040\000I\000n\000t\000e\000r\000p\000r\000e\000t\000a\000t\000i\000o\000n}{section.2.1}% 11
\BOOKMARK [1][-]{section.2.2}{\376\377\000P\000o\000l\000y\000n\000o\000m\000i\000a\000l\000\040\000I\000n\000p\000u\000t}{chapter.2}% 12
\BOOKMARK [2][-]{subsection.2.2.1}{\376\377\000G\000r\000a\000p\000h\000i\000c\000a\000l\000\040\000I\000n\000t\000e\000r\000p\000r\000e\000t\000a\000t\000i\000o\000n}{section.2.2}% 13
\BOOKMARK [0][-]{chapter.3}{\376\377\000C\000a\000u\000s\000a\000l\000\040\000\050\000O\000n\000e\000-\000S\000i\000d\000e\000d\000\051\000\040\000R\000e\000c\000t\000a\000n\000g\000u\000l\000a\000r\000\040\000K\000e\000r\000n\000e\000l}{}% 14
\BOOKMARK [1][-]{section.3.1}{\376\377\000S\000t\000e\000p\000\040\000I\000n\000p\000u\000t}{chapter.3}% 15
\BOOKMARK [1][-]{section.3.2}{\376\377\000P\000o\000l\000y\000n\000o\000m\000i\000a\000l\000\040\000i\000n\000p\000u\000t}{chapter.3}% 16
\BOOKMARK [1][-]{section.3.3}{\376\377\000S\000i\000n\000u\000s\000o\000i\000d\000a\000l\000\040\000I\000n\000p\000u\000t}{chapter.3}% 17
\BOOKMARK [1][-]{section.3.4}{\376\377\000I\000m\000p\000u\000l\000s\000e\000\040\000I\000n\000p\000u\000t}{chapter.3}% 18
\BOOKMARK [1][-]{section.3.5}{\376\377\000E\000x\000p\000o\000n\000e\000n\000t\000i\000a\000l\000\040\000I\000n\000p\000u\000t}{chapter.3}% 19
\BOOKMARK [0][-]{chapter.4}{\376\377\000T\000i\000m\000e\000-\000S\000h\000i\000f\000t\000e\000d\000\040\000K\000e\000r\000n\000e\000l}{}% 20
\BOOKMARK [1][-]{section.4.1}{\376\377\000S\000t\000e\000p\000\040\000i\000n\000p\000u\000t}{chapter.4}% 21
\BOOKMARK [1][-]{section.4.2}{\376\377\000P\000o\000l\000y\000n\000o\000m\000i\000a\000l\000\040\000i\000n\000p\000u\000t}{chapter.4}% 22
\BOOKMARK [1][-]{section.4.3}{\376\377\000S\000i\000n\000u\000s\000o\000i\000d\000a\000l\000\040\000I\000n\000p\000u\000t}{chapter.4}% 23
\BOOKMARK [1][-]{section.4.4}{\376\377\000I\000m\000p\000u\000l\000s\000e\000\040\000I\000n\000p\000u\000t}{chapter.4}% 24
\BOOKMARK [1][-]{section.4.5}{\376\377\000E\000x\000p\000o\000n\000e\000n\000t\000i\000a\000l\000\040\000F\000u\000n\000c\000t\000i\000o\000n}{chapter.4}% 25
\BOOKMARK [0][-]{chapter.5}{\376\377\000E\000f\000f\000e\000c\000t\000\040\000o\000f\000\040\000T}{}% 26
\BOOKMARK [1][-]{section.5.1}{\376\377\000S\000t\000e\000p\000\040\000i\000n\000p\000u\000t}{chapter.5}% 27
\BOOKMARK [2][-]{subsection.5.1.1}{\376\377\000R\000a\000m\000p\000\040\000W\000i\000d\000t\000h}{section.5.1}% 28
\BOOKMARK [2][-]{subsection.5.1.2}{\376\377\000R\000a\000m\000p\000\040\000S\000l\000o\000p\000e}{section.5.1}% 29
\BOOKMARK [2][-]{subsection.5.1.3}{\376\377\000P\000l\000a\000t\000e\000a\000u\000\040\000H\000e\000i\000g\000h\000t}{section.5.1}% 30
\BOOKMARK [2][-]{subsection.5.1.4}{\376\377\000S\000m\000o\000o\000t\000h\000i\000n\000g}{section.5.1}% 31
\BOOKMARK [1][-]{section.5.2}{\376\377\000P\000o\000l\000y\000n\000o\000m\000i\000a\000l\000\040\000i\000n\000p\000u\000t}{chapter.5}% 32
\BOOKMARK [2][-]{subsection.5.2.1}{\376\377\000S\000m\000o\000o\000t\000h\000i\000n\000g\000\040\000W\000i\000n\000d\000o\000w}{section.5.2}% 33
\BOOKMARK [2][-]{subsection.5.2.2}{\376\377\000O\000u\000t\000p\000u\000t\000\040\000D\000e\000t\000a\000i\000l}{section.5.2}% 34
\BOOKMARK [2][-]{subsection.5.2.3}{\376\377\000S\000c\000a\000l\000i\000n\000g\000\040\000E\000f\000f\000e\000c\000t\000s}{section.5.2}% 35
\BOOKMARK [2][-]{subsection.5.2.4}{\376\377\000E\000d\000g\000e\000\040\000E\000f\000f\000e\000c\000t\000s}{section.5.2}% 36
\BOOKMARK [1][-]{section.5.3}{\376\377\000E\000x\000p\000o\000n\000e\000n\000t\000i\000a\000l}{chapter.5}% 37
\BOOKMARK [2][-]{subsection.5.3.1}{\376\377\000S\000m\000o\000o\000t\000h\000i\000n\000g\000\040\000W\000i\000n\000d\000o\000w}{section.5.3}% 38
\BOOKMARK [2][-]{subsection.5.3.2}{\376\377\000\040\000O\000u\000t\000p\000u\000t\000\040\000D\000e\000t\000a\000i\000l}{section.5.3}% 39
\BOOKMARK [2][-]{subsection.5.3.3}{\376\377\000S\000c\000a\000l\000i\000n\000g\000\040\000E\000f\000f\000e\000c\000t\000s}{section.5.3}% 40
\BOOKMARK [2][-]{subsection.5.3.4}{\376\377\000E\000d\000g\000e\000\040\000E\000f\000f\000e\000c\000t\000s}{section.5.3}% 41
\BOOKMARK [2][-]{subsection.5.3.5}{\376\377\000E\000n\000e\000r\000g\000y\000\040\000C\000o\000n\000s\000i\000d\000e\000r\000a\000t\000i\000o\000n\000s}{section.5.3}% 42
\BOOKMARK [2][-]{subsection.5.3.6}{\376\377\000O\000b\000s\000e\000r\000v\000a\000t\000i\000o\000n}{section.5.3}% 43
\BOOKMARK [1][-]{section.5.4}{\376\377\000S\000i\000n\000e\000\040\000W\000a\000v\000e}{chapter.5}% 44
\BOOKMARK [2][-]{subsection.5.4.1}{\376\377\000S\000m\000o\000o\000t\000h\000i\000n\000g\000\040\000W\000i\000n\000d\000o\000w}{section.5.4}% 45
\BOOKMARK [2][-]{subsection.5.4.2}{\376\377\000O\000u\000t\000p\000u\000t\000\040\000D\000e\000t\000a\000i\000l}{section.5.4}% 46
\BOOKMARK [2][-]{subsection.5.4.3}{\376\377\000S\000c\000a\000l\000i\000n\000g\000\040\000E\000f\000f\000e\000c\000t\000s}{section.5.4}% 47
\BOOKMARK [2][-]{subsection.5.4.4}{\376\377\000E\000d\000g\000e\000\040\000E\000f\000f\000e\000c\000t\000s}{section.5.4}% 48
\BOOKMARK [2][-]{subsection.5.4.5}{\376\377\000E\000n\000e\000r\000g\000y\000\040\000C\000o\000n\000s\000i\000d\000e\000r\000a\000t\000i\000o\000n\000s}{section.5.4}% 49
\BOOKMARK [2][-]{subsection.5.4.6}{\376\377\000O\000b\000s\000e\000r\000v\000a\000t\000i\000o\000n}{section.5.4}% 50
\BOOKMARK [1][-]{section.5.5}{\376\377\000I\000m\000p\000u\000l\000s\000e}{chapter.5}% 51
\BOOKMARK [2][-]{subsection.5.5.1}{\376\377\000S\000m\000o\000o\000t\000h\000i\000n\000g\000\040\000W\000i\000n\000d\000o\000w}{section.5.5}% 52
\BOOKMARK [2][-]{subsection.5.5.2}{\376\377\000O\000u\000t\000p\000u\000t\000\040\000D\000e\000t\000a\000i\000l}{section.5.5}% 53
\BOOKMARK [2][-]{subsection.5.5.3}{\376\377\000S\000c\000a\000l\000i\000n\000g\000\040\000E\000f\000f\000e\000c\000t\000s}{section.5.5}% 54
\BOOKMARK [2][-]{subsection.5.5.4}{\376\377\000E\000d\000g\000e\000\040\000E\000f\000f\000e\000c\000t\000s}{section.5.5}% 55
\BOOKMARK [2][-]{subsection.5.5.5}{\376\377\000E\000n\000e\000r\000g\000y\000\040\000C\000o\000n\000s\000i\000d\000e\000r\000a\000t\000i\000o\000n\000s}{section.5.5}% 56
\BOOKMARK [2][-]{subsection.5.5.6}{\376\377\000O\000b\000s\000e\000r\000v\000a\000t\000i\000o\000n}{section.5.5}% 57
\BOOKMARK [0][-]{chapter.6}{\376\377\000D\000e\000n\000o\000i\000s\000i\000n\000g}{}% 58
\BOOKMARK [0][-]{chapter.7}{\376\377\000C\000o\000n\000c\000l\000u\000s\000i\000o\000n}{}% 59
\BOOKMARK [0][-]{chapter.8}{\376\377\000B\000i\000b\000l\000i\000o\000g\000r\000a\000p\000h\000y}{}% 60
