This is pdfTeX, Version 3.141592653-2.6-1.40.27 (TeX Live 2025) (preloaded format=pdflatex 2025.3.12)  20 MAR 2025 17:58
entering extended mode
 restricted \write18 enabled.
 %&-line parsing enabled.
**main.tex
(./main.tex
LaTeX2e <2024-11-01> patch level 2
L3 programming layer <2025-01-18>
(/opt/texlive/2025/texmf-dist/tex/latex/base/report.cls
Document Class: report 2024/06/29 v1.4n Standard LaTeX document class
(/opt/texlive/2025/texmf-dist/tex/latex/base/size12.clo
File: size12.clo 2024/06/29 v1.4n Standard LaTeX file (size option)
)
\c@part=\count196
\c@chapter=\count197
\c@section=\count198
\c@subsection=\count199
\c@subsubsection=\count266
\c@paragraph=\count267
\c@subparagraph=\count268
\c@figure=\count269
\c@table=\count270
\abovecaptionskip=\skip49
\belowcaptionskip=\skip50
\bibindent=\dimen141
)
(/opt/texlive/2025/texmf-dist/tex/latex/base/inputenc.sty
Package: inputenc 2024/02/08 v1.3d Input encoding file
\inpenc@prehook=\toks17
\inpenc@posthook=\toks18
)
(/opt/texlive/2025/texmf-dist/tex/latex/base/fontenc.sty
Package: fontenc 2021/04/29 v2.0v Standard LaTeX package
)
(/opt/texlive/2025/texmf-dist/tex/latex/graphics/graphicx.sty
Package: graphicx 2021/09/16 v1.2d Enhanced LaTeX Graphics (DPC,SPQR)

(/opt/texlive/2025/texmf-dist/tex/latex/graphics/keyval.sty
Package: keyval 2022/05/29 v1.15 key=value parser (DPC)
\KV@toks@=\toks19
)
(/opt/texlive/2025/texmf-dist/tex/latex/graphics/graphics.sty
Package: graphics 2024/08/06 v1.4g Standard LaTeX Graphics (DPC,SPQR)

(/opt/texlive/2025/texmf-dist/tex/latex/graphics/trig.sty
Package: trig 2023/12/02 v1.11 sin cos tan (DPC)
)
(/opt/texlive/2025/texmf-dist/tex/latex/graphics-cfg/graphics.cfg
File: graphics.cfg 2016/06/04 v1.11 sample graphics configuration
)
Package graphics Info: Driver file: pdftex.def on input line 106.

(/opt/texlive/2025/texmf-dist/tex/latex/graphics-def/pdftex.def
File: pdftex.def 2024/04/13 v1.2c Graphics/color driver for pdftex
))
\Gin@req@height=\dimen142
\Gin@req@width=\dimen143
)
(/opt/texlive/2025/texmf-dist/tex/latex/amsmath/amsmath.sty
Package: amsmath 2024/11/05 v2.17t AMS math features
\@mathmargin=\skip51

For additional information on amsmath, use the `?' option.
(/opt/texlive/2025/texmf-dist/tex/latex/amsmath/amstext.sty
Package: amstext 2021/08/26 v2.01 AMS text

(/opt/texlive/2025/texmf-dist/tex/latex/amsmath/amsgen.sty
File: amsgen.sty 1999/11/30 v2.0 generic functions
\@emptytoks=\toks20
\ex@=\dimen144
))
(/opt/texlive/2025/texmf-dist/tex/latex/amsmath/amsbsy.sty
Package: amsbsy 1999/11/29 v1.2d Bold Symbols
\pmbraise@=\dimen145
)
(/opt/texlive/2025/texmf-dist/tex/latex/amsmath/amsopn.sty
Package: amsopn 2022/04/08 v2.04 operator names
)
\inf@bad=\count271
LaTeX Info: Redefining \frac on input line 233.
\uproot@=\count272
\leftroot@=\count273
LaTeX Info: Redefining \overline on input line 398.
LaTeX Info: Redefining \colon on input line 409.
\classnum@=\count274
\DOTSCASE@=\count275
LaTeX Info: Redefining \ldots on input line 495.
LaTeX Info: Redefining \dots on input line 498.
LaTeX Info: Redefining \cdots on input line 619.
\Mathstrutbox@=\box52
\strutbox@=\box53
LaTeX Info: Redefining \big on input line 721.
LaTeX Info: Redefining \Big on input line 722.
LaTeX Info: Redefining \bigg on input line 723.
LaTeX Info: Redefining \Bigg on input line 724.
\big@size=\dimen146
LaTeX Font Info:    Redeclaring font encoding OML on input line 742.
LaTeX Font Info:    Redeclaring font encoding OMS on input line 743.
\macc@depth=\count276
LaTeX Info: Redefining \bmod on input line 904.
LaTeX Info: Redefining \pmod on input line 909.
LaTeX Info: Redefining \smash on input line 939.
LaTeX Info: Redefining \relbar on input line 969.
LaTeX Info: Redefining \Relbar on input line 970.
\c@MaxMatrixCols=\count277
\dotsspace@=\muskip17
\c@parentequation=\count278
\dspbrk@lvl=\count279
\tag@help=\toks21
\row@=\count280
\column@=\count281
\maxfields@=\count282
\andhelp@=\toks22
\eqnshift@=\dimen147
\alignsep@=\dimen148
\tagshift@=\dimen149
\tagwidth@=\dimen150
\totwidth@=\dimen151
\lineht@=\dimen152
\@envbody=\toks23
\multlinegap=\skip52
\multlinetaggap=\skip53
\mathdisplay@stack=\toks24
LaTeX Info: Redefining \[ on input line 2953.
LaTeX Info: Redefining \] on input line 2954.
)
(/opt/texlive/2025/texmf-dist/tex/latex/geometry/geometry.sty
Package: geometry 2020/01/02 v5.9 Page Geometry

(/opt/texlive/2025/texmf-dist/tex/generic/iftex/ifvtex.sty
Package: ifvtex 2019/10/25 v1.7 ifvtex legacy package. Use iftex instead.

(/opt/texlive/2025/texmf-dist/tex/generic/iftex/iftex.sty
Package: iftex 2024/12/12 v1.0g TeX engine tests
))
\Gm@cnth=\count283
\Gm@cntv=\count284
\c@Gm@tempcnt=\count285
\Gm@bindingoffset=\dimen153
\Gm@wd@mp=\dimen154
\Gm@odd@mp=\dimen155
\Gm@even@mp=\dimen156
\Gm@layoutwidth=\dimen157
\Gm@layoutheight=\dimen158
\Gm@layouthoffset=\dimen159
\Gm@layoutvoffset=\dimen160
\Gm@dimlist=\toks25
)
(/opt/texlive/2025/texmf-dist/tex/latex/hyperref/hyperref.sty
Package: hyperref 2024-11-05 v7.01l Hypertext links for LaTeX

(/opt/texlive/2025/texmf-dist/tex/latex/kvsetkeys/kvsetkeys.sty
Package: kvsetkeys 2022-10-05 v1.19 Key value parser (HO)
)
(/opt/texlive/2025/texmf-dist/tex/generic/kvdefinekeys/kvdefinekeys.sty
Package: kvdefinekeys 2019-12-19 v1.6 Define keys (HO)
)
(/opt/texlive/2025/texmf-dist/tex/generic/pdfescape/pdfescape.sty
Package: pdfescape 2019/12/09 v1.15 Implements pdfTeX's escape features (HO)

(/opt/texlive/2025/texmf-dist/tex/generic/ltxcmds/ltxcmds.sty
Package: ltxcmds 2023-12-04 v1.26 LaTeX kernel commands for general use (HO)
)
(/opt/texlive/2025/texmf-dist/tex/generic/pdftexcmds/pdftexcmds.sty
Package: pdftexcmds 2020-06-27 v0.33 Utility functions of pdfTeX for LuaTeX (HO
)

(/opt/texlive/2025/texmf-dist/tex/generic/infwarerr/infwarerr.sty
Package: infwarerr 2019/12/03 v1.5 Providing info/warning/error messages (HO)
)
Package pdftexcmds Info: \pdf@primitive is available.
Package pdftexcmds Info: \pdf@ifprimitive is available.
Package pdftexcmds Info: \pdfdraftmode found.
))
(/opt/texlive/2025/texmf-dist/tex/latex/hycolor/hycolor.sty
Package: hycolor 2020-01-27 v1.10 Color options for hyperref/bookmark (HO)
)
(/opt/texlive/2025/texmf-dist/tex/latex/hyperref/nameref.sty
Package: nameref 2023-11-26 v2.56 Cross-referencing by name of section

(/opt/texlive/2025/texmf-dist/tex/latex/refcount/refcount.sty
Package: refcount 2019/12/15 v3.6 Data extraction from label references (HO)
)
(/opt/texlive/2025/texmf-dist/tex/generic/gettitlestring/gettitlestring.sty
Package: gettitlestring 2019/12/15 v1.6 Cleanup title references (HO)

(/opt/texlive/2025/texmf-dist/tex/latex/kvoptions/kvoptions.sty
Package: kvoptions 2022-06-15 v3.15 Key value format for package options (HO)
))
\c@section@level=\count286
)
(/opt/texlive/2025/texmf-dist/tex/latex/etoolbox/etoolbox.sty
Package: etoolbox 2025/02/11 v2.5l e-TeX tools for LaTeX (JAW)
\etb@tempcnta=\count287
)
(/opt/texlive/2025/texmf-dist/tex/generic/stringenc/stringenc.sty
Package: stringenc 2019/11/29 v1.12 Convert strings between diff. encodings (HO
)
)
\@linkdim=\dimen161
\Hy@linkcounter=\count288
\Hy@pagecounter=\count289

(/opt/texlive/2025/texmf-dist/tex/latex/hyperref/pd1enc.def
File: pd1enc.def 2024-11-05 v7.01l Hyperref: PDFDocEncoding definition (HO)
Now handling font encoding PD1 ...
... no UTF-8 mapping file for font encoding PD1
)
(/opt/texlive/2025/texmf-dist/tex/generic/intcalc/intcalc.sty
Package: intcalc 2019/12/15 v1.3 Expandable calculations with integers (HO)
)
\Hy@SavedSpaceFactor=\count290

(/opt/texlive/2025/texmf-dist/tex/latex/hyperref/puenc.def
File: puenc.def 2024-11-05 v7.01l Hyperref: PDF Unicode definition (HO)
Now handling font encoding PU ...
... no UTF-8 mapping file for font encoding PU
)
Package hyperref Info: Hyper figures OFF on input line 4157.
Package hyperref Info: Link nesting OFF on input line 4162.
Package hyperref Info: Hyper index ON on input line 4165.
Package hyperref Info: Plain pages OFF on input line 4172.
Package hyperref Info: Backreferencing OFF on input line 4177.
Package hyperref Info: Implicit mode ON; LaTeX internals redefined.
Package hyperref Info: Bookmarks ON on input line 4424.
\c@Hy@tempcnt=\count291

(/opt/texlive/2025/texmf-dist/tex/latex/url/url.sty
\Urlmuskip=\muskip18
Package: url 2013/09/16  ver 3.4  Verb mode for urls, etc.
)
LaTeX Info: Redefining \url on input line 4763.
\XeTeXLinkMargin=\dimen162

(/opt/texlive/2025/texmf-dist/tex/generic/bitset/bitset.sty
Package: bitset 2019/12/09 v1.3 Handle bit-vector datatype (HO)

(/opt/texlive/2025/texmf-dist/tex/generic/bigintcalc/bigintcalc.sty
Package: bigintcalc 2019/12/15 v1.5 Expandable calculations on big integers (HO
)
))
\Fld@menulength=\count292
\Field@Width=\dimen163
\Fld@charsize=\dimen164
Package hyperref Info: Hyper figures OFF on input line 6042.
Package hyperref Info: Link nesting OFF on input line 6047.
Package hyperref Info: Hyper index ON on input line 6050.
Package hyperref Info: backreferencing OFF on input line 6057.
Package hyperref Info: Link coloring OFF on input line 6062.
Package hyperref Info: Link coloring with OCG OFF on input line 6067.
Package hyperref Info: PDF/A mode OFF on input line 6072.

(/opt/texlive/2025/texmf-dist/tex/latex/base/atbegshi-ltx.sty
Package: atbegshi-ltx 2021/01/10 v1.0c Emulation of the original atbegshi
package with kernel methods
)
\Hy@abspage=\count293
\c@Item=\count294
\c@Hfootnote=\count295
)
Package hyperref Info: Driver (autodetected): hpdftex.

(/opt/texlive/2025/texmf-dist/tex/latex/hyperref/hpdftex.def
File: hpdftex.def 2024-11-05 v7.01l Hyperref driver for pdfTeX

(/opt/texlive/2025/texmf-dist/tex/latex/base/atveryend-ltx.sty
Package: atveryend-ltx 2020/08/19 v1.0a Emulation of the original atveryend pac
kage
with kernel methods
)
\Fld@listcount=\count296
\c@bookmark@seq@number=\count297

(/opt/texlive/2025/texmf-dist/tex/latex/rerunfilecheck/rerunfilecheck.sty
Package: rerunfilecheck 2022-07-10 v1.10 Rerun checks for auxiliary files (HO)

(/opt/texlive/2025/texmf-dist/tex/generic/uniquecounter/uniquecounter.sty
Package: uniquecounter 2019/12/15 v1.4 Provide unlimited unique counter (HO)
)
Package uniquecounter Info: New unique counter `rerunfilecheck' on input line 2
85.
)
\Hy@SectionHShift=\skip54
)
(/opt/texlive/2025/texmf-dist/tex/latex/fancyhdr/fancyhdr.sty
Package: fancyhdr 2025/02/07 v5.2 Extensive control of page headers and footers

\f@nch@headwidth=\skip55
\f@nch@offset@elh=\skip56
\f@nch@offset@erh=\skip57
\f@nch@offset@olh=\skip58
\f@nch@offset@orh=\skip59
\f@nch@offset@elf=\skip60
\f@nch@offset@erf=\skip61
\f@nch@offset@olf=\skip62
\f@nch@offset@orf=\skip63
\f@nch@height=\skip64
\f@nch@footalignment=\skip65
\f@nch@widthL=\skip66
\f@nch@widthC=\skip67
\f@nch@widthR=\skip68
\@temptokenb=\toks26
)
(/opt/texlive/2025/texmf-dist/tex/latex/titlesec/titlesec.sty
Package: titlesec 2025/01/04 v2.17 Sectioning titles
\ttl@box=\box54
\beforetitleunit=\skip69
\aftertitleunit=\skip70
\ttl@plus=\dimen165
\ttl@minus=\dimen166
\ttl@toksa=\toks27
\titlewidth=\dimen167
\titlewidthlast=\dimen168
\titlewidthfirst=\dimen169
)
(/opt/texlive/2025/texmf-dist/tex/latex/float/float.sty
Package: float 2001/11/08 v1.3d Float enhancements (AL)
\c@float@type=\count298
\float@exts=\toks28
\float@box=\box55
\@float@everytoks=\toks29
\@floatcapt=\box56
)
(/opt/texlive/2025/texmf-dist/tex/latex/circuitikz/circuitikz.sty
Package: circuitikz 2025/01/10{} The CircuiTikz circuit drawing package version
 1.7.1

(/opt/texlive/2025/texmf-dist/tex/latex/pgf/frontendlayer/tikz.sty
(/opt/texlive/2025/texmf-dist/tex/latex/pgf/basiclayer/pgf.sty
(/opt/texlive/2025/texmf-dist/tex/latex/pgf/utilities/pgfrcs.sty
(/opt/texlive/2025/texmf-dist/tex/generic/pgf/utilities/pgfutil-common.tex
\pgfutil@everybye=\toks30
\pgfutil@tempdima=\dimen170
\pgfutil@tempdimb=\dimen171
)
(/opt/texlive/2025/texmf-dist/tex/generic/pgf/utilities/pgfutil-latex.def
\pgfutil@abb=\box57
)
(/opt/texlive/2025/texmf-dist/tex/generic/pgf/utilities/pgfrcs.code.tex
(/opt/texlive/2025/texmf-dist/tex/generic/pgf/pgf.revision.tex)
Package: pgfrcs 2023-01-15 v3.1.10 (3.1.10)
))
Package: pgf 2023-01-15 v3.1.10 (3.1.10)

(/opt/texlive/2025/texmf-dist/tex/latex/pgf/basiclayer/pgfcore.sty
(/opt/texlive/2025/texmf-dist/tex/latex/pgf/systemlayer/pgfsys.sty
(/opt/texlive/2025/texmf-dist/tex/generic/pgf/systemlayer/pgfsys.code.tex
Package: pgfsys 2023-01-15 v3.1.10 (3.1.10)

(/opt/texlive/2025/texmf-dist/tex/generic/pgf/utilities/pgfkeys.code.tex
\pgfkeys@pathtoks=\toks31
\pgfkeys@temptoks=\toks32

(/opt/texlive/2025/texmf-dist/tex/generic/pgf/utilities/pgfkeyslibraryfiltered.
code.tex
\pgfkeys@tmptoks=\toks33
))
\pgf@x=\dimen172
\pgf@y=\dimen173
\pgf@xa=\dimen174
\pgf@ya=\dimen175
\pgf@xb=\dimen176
\pgf@yb=\dimen177
\pgf@xc=\dimen178
\pgf@yc=\dimen179
\pgf@xd=\dimen180
\pgf@yd=\dimen181
\w@pgf@writea=\write3
\r@pgf@reada=\read2
\c@pgf@counta=\count299
\c@pgf@countb=\count300
\c@pgf@countc=\count301
\c@pgf@countd=\count302
\t@pgf@toka=\toks34
\t@pgf@tokb=\toks35
\t@pgf@tokc=\toks36
\pgf@sys@id@count=\count303
 (/opt/texlive/2025/texmf-dist/tex/generic/pgf/systemlayer/pgf.cfg
File: pgf.cfg 2023-01-15 v3.1.10 (3.1.10)
)
Driver file for pgf: pgfsys-pdftex.def

(/opt/texlive/2025/texmf-dist/tex/generic/pgf/systemlayer/pgfsys-pdftex.def
File: pgfsys-pdftex.def 2023-01-15 v3.1.10 (3.1.10)

(/opt/texlive/2025/texmf-dist/tex/generic/pgf/systemlayer/pgfsys-common-pdf.def
File: pgfsys-common-pdf.def 2023-01-15 v3.1.10 (3.1.10)
)))
(/opt/texlive/2025/texmf-dist/tex/generic/pgf/systemlayer/pgfsyssoftpath.code.t
ex
File: pgfsyssoftpath.code.tex 2023-01-15 v3.1.10 (3.1.10)
\pgfsyssoftpath@smallbuffer@items=\count304
\pgfsyssoftpath@bigbuffer@items=\count305
)
(/opt/texlive/2025/texmf-dist/tex/generic/pgf/systemlayer/pgfsysprotocol.code.t
ex
File: pgfsysprotocol.code.tex 2023-01-15 v3.1.10 (3.1.10)
)) (/opt/texlive/2025/texmf-dist/tex/latex/xcolor/xcolor.sty
Package: xcolor 2024/09/29 v3.02 LaTeX color extensions (UK)

(/opt/texlive/2025/texmf-dist/tex/latex/graphics-cfg/color.cfg
File: color.cfg 2016/01/02 v1.6 sample color configuration
)
Package xcolor Info: Driver file: pdftex.def on input line 274.

(/opt/texlive/2025/texmf-dist/tex/latex/graphics/mathcolor.ltx)
Package xcolor Info: Model `cmy' substituted by `cmy0' on input line 1349.
Package xcolor Info: Model `hsb' substituted by `rgb' on input line 1353.
Package xcolor Info: Model `RGB' extended on input line 1365.
Package xcolor Info: Model `HTML' substituted by `rgb' on input line 1367.
Package xcolor Info: Model `Hsb' substituted by `hsb' on input line 1368.
Package xcolor Info: Model `tHsb' substituted by `hsb' on input line 1369.
Package xcolor Info: Model `HSB' substituted by `hsb' on input line 1370.
Package xcolor Info: Model `Gray' substituted by `gray' on input line 1371.
Package xcolor Info: Model `wave' substituted by `hsb' on input line 1372.
)
(/opt/texlive/2025/texmf-dist/tex/generic/pgf/basiclayer/pgfcore.code.tex
Package: pgfcore 2023-01-15 v3.1.10 (3.1.10)

(/opt/texlive/2025/texmf-dist/tex/generic/pgf/math/pgfmath.code.tex
(/opt/texlive/2025/texmf-dist/tex/generic/pgf/math/pgfmathutil.code.tex)
(/opt/texlive/2025/texmf-dist/tex/generic/pgf/math/pgfmathparser.code.tex
\pgfmath@dimen=\dimen182
\pgfmath@count=\count306
\pgfmath@box=\box58
\pgfmath@toks=\toks37
\pgfmath@stack@operand=\toks38
\pgfmath@stack@operation=\toks39
)
(/opt/texlive/2025/texmf-dist/tex/generic/pgf/math/pgfmathfunctions.code.tex)
(/opt/texlive/2025/texmf-dist/tex/generic/pgf/math/pgfmathfunctions.basic.code.
tex)
(/opt/texlive/2025/texmf-dist/tex/generic/pgf/math/pgfmathfunctions.trigonometr
ic.code.tex)
(/opt/texlive/2025/texmf-dist/tex/generic/pgf/math/pgfmathfunctions.random.code
.tex)
(/opt/texlive/2025/texmf-dist/tex/generic/pgf/math/pgfmathfunctions.comparison.
code.tex)
(/opt/texlive/2025/texmf-dist/tex/generic/pgf/math/pgfmathfunctions.base.code.t
ex)
(/opt/texlive/2025/texmf-dist/tex/generic/pgf/math/pgfmathfunctions.round.code.
tex)
(/opt/texlive/2025/texmf-dist/tex/generic/pgf/math/pgfmathfunctions.misc.code.t
ex)
(/opt/texlive/2025/texmf-dist/tex/generic/pgf/math/pgfmathfunctions.integerarit
hmetics.code.tex)
(/opt/texlive/2025/texmf-dist/tex/generic/pgf/math/pgfmathcalc.code.tex)
(/opt/texlive/2025/texmf-dist/tex/generic/pgf/math/pgfmathfloat.code.tex
\c@pgfmathroundto@lastzeros=\count307
))
(/opt/texlive/2025/texmf-dist/tex/generic/pgf/math/pgfint.code.tex)
(/opt/texlive/2025/texmf-dist/tex/generic/pgf/basiclayer/pgfcorepoints.code.tex
File: pgfcorepoints.code.tex 2023-01-15 v3.1.10 (3.1.10)
\pgf@picminx=\dimen183
\pgf@picmaxx=\dimen184
\pgf@picminy=\dimen185
\pgf@picmaxy=\dimen186
\pgf@pathminx=\dimen187
\pgf@pathmaxx=\dimen188
\pgf@pathminy=\dimen189
\pgf@pathmaxy=\dimen190
\pgf@xx=\dimen191
\pgf@xy=\dimen192
\pgf@yx=\dimen193
\pgf@yy=\dimen194
\pgf@zx=\dimen195
\pgf@zy=\dimen196
)
(/opt/texlive/2025/texmf-dist/tex/generic/pgf/basiclayer/pgfcorepathconstruct.c
ode.tex
File: pgfcorepathconstruct.code.tex 2023-01-15 v3.1.10 (3.1.10)
\pgf@path@lastx=\dimen197
\pgf@path@lasty=\dimen198
)
(/opt/texlive/2025/texmf-dist/tex/generic/pgf/basiclayer/pgfcorepathusage.code.
tex
File: pgfcorepathusage.code.tex 2023-01-15 v3.1.10 (3.1.10)
\pgf@shorten@end@additional=\dimen199
\pgf@shorten@start@additional=\dimen256
)
(/opt/texlive/2025/texmf-dist/tex/generic/pgf/basiclayer/pgfcorescopes.code.tex
File: pgfcorescopes.code.tex 2023-01-15 v3.1.10 (3.1.10)
\pgfpic=\box59
\pgf@hbox=\box60
\pgf@layerbox@main=\box61
\pgf@picture@serial@count=\count308
)
(/opt/texlive/2025/texmf-dist/tex/generic/pgf/basiclayer/pgfcoregraphicstate.co
de.tex
File: pgfcoregraphicstate.code.tex 2023-01-15 v3.1.10 (3.1.10)
\pgflinewidth=\dimen257
)
(/opt/texlive/2025/texmf-dist/tex/generic/pgf/basiclayer/pgfcoretransformations
.code.tex
File: pgfcoretransformations.code.tex 2023-01-15 v3.1.10 (3.1.10)
\pgf@pt@x=\dimen258
\pgf@pt@y=\dimen259
\pgf@pt@temp=\dimen260
)
(/opt/texlive/2025/texmf-dist/tex/generic/pgf/basiclayer/pgfcorequick.code.tex
File: pgfcorequick.code.tex 2023-01-15 v3.1.10 (3.1.10)
)
(/opt/texlive/2025/texmf-dist/tex/generic/pgf/basiclayer/pgfcoreobjects.code.te
x
File: pgfcoreobjects.code.tex 2023-01-15 v3.1.10 (3.1.10)
)
(/opt/texlive/2025/texmf-dist/tex/generic/pgf/basiclayer/pgfcorepathprocessing.
code.tex
File: pgfcorepathprocessing.code.tex 2023-01-15 v3.1.10 (3.1.10)
)
(/opt/texlive/2025/texmf-dist/tex/generic/pgf/basiclayer/pgfcorearrows.code.tex
File: pgfcorearrows.code.tex 2023-01-15 v3.1.10 (3.1.10)
\pgfarrowsep=\dimen261
)
(/opt/texlive/2025/texmf-dist/tex/generic/pgf/basiclayer/pgfcoreshade.code.tex
File: pgfcoreshade.code.tex 2023-01-15 v3.1.10 (3.1.10)
\pgf@max=\dimen262
\pgf@sys@shading@range@num=\count309
\pgf@shadingcount=\count310
) (/opt/texlive/2025/texmf-dist/tex/generic/pgf/basiclayer/pgfcoreimage.code.te
x
File: pgfcoreimage.code.tex 2023-01-15 v3.1.10 (3.1.10)
)
(/opt/texlive/2025/texmf-dist/tex/generic/pgf/basiclayer/pgfcoreexternal.code.t
ex
File: pgfcoreexternal.code.tex 2023-01-15 v3.1.10 (3.1.10)
\pgfexternal@startupbox=\box62
)
(/opt/texlive/2025/texmf-dist/tex/generic/pgf/basiclayer/pgfcorelayers.code.tex
File: pgfcorelayers.code.tex 2023-01-15 v3.1.10 (3.1.10)
)
(/opt/texlive/2025/texmf-dist/tex/generic/pgf/basiclayer/pgfcoretransparency.co
de.tex
File: pgfcoretransparency.code.tex 2023-01-15 v3.1.10 (3.1.10)
)
(/opt/texlive/2025/texmf-dist/tex/generic/pgf/basiclayer/pgfcorepatterns.code.t
ex
File: pgfcorepatterns.code.tex 2023-01-15 v3.1.10 (3.1.10)
)
(/opt/texlive/2025/texmf-dist/tex/generic/pgf/basiclayer/pgfcorerdf.code.tex
File: pgfcorerdf.code.tex 2023-01-15 v3.1.10 (3.1.10)
))) (/opt/texlive/2025/texmf-dist/tex/generic/pgf/modules/pgfmoduleshapes.code.
tex
File: pgfmoduleshapes.code.tex 2023-01-15 v3.1.10 (3.1.10)
\pgfnodeparttextbox=\box63
) (/opt/texlive/2025/texmf-dist/tex/generic/pgf/modules/pgfmoduleplot.code.tex
File: pgfmoduleplot.code.tex 2023-01-15 v3.1.10 (3.1.10)
)
(/opt/texlive/2025/texmf-dist/tex/latex/pgf/compatibility/pgfcomp-version-0-65.
sty
Package: pgfcomp-version-0-65 2023-01-15 v3.1.10 (3.1.10)
\pgf@nodesepstart=\dimen263
\pgf@nodesepend=\dimen264
)
(/opt/texlive/2025/texmf-dist/tex/latex/pgf/compatibility/pgfcomp-version-1-18.
sty
Package: pgfcomp-version-1-18 2023-01-15 v3.1.10 (3.1.10)
)) (/opt/texlive/2025/texmf-dist/tex/latex/pgf/utilities/pgffor.sty
(/opt/texlive/2025/texmf-dist/tex/latex/pgf/utilities/pgfkeys.sty
(/opt/texlive/2025/texmf-dist/tex/generic/pgf/utilities/pgfkeys.code.tex))
(/opt/texlive/2025/texmf-dist/tex/latex/pgf/math/pgfmath.sty
(/opt/texlive/2025/texmf-dist/tex/generic/pgf/math/pgfmath.code.tex))
(/opt/texlive/2025/texmf-dist/tex/generic/pgf/utilities/pgffor.code.tex
Package: pgffor 2023-01-15 v3.1.10 (3.1.10)
\pgffor@iter=\dimen265
\pgffor@skip=\dimen266
\pgffor@stack=\toks40
\pgffor@toks=\toks41
))
(/opt/texlive/2025/texmf-dist/tex/generic/pgf/frontendlayer/tikz/tikz.code.tex
Package: tikz 2023-01-15 v3.1.10 (3.1.10)

(/opt/texlive/2025/texmf-dist/tex/generic/pgf/libraries/pgflibraryplothandlers.
code.tex
File: pgflibraryplothandlers.code.tex 2023-01-15 v3.1.10 (3.1.10)
\pgf@plot@mark@count=\count311
\pgfplotmarksize=\dimen267
)
\tikz@lastx=\dimen268
\tikz@lasty=\dimen269
\tikz@lastxsaved=\dimen270
\tikz@lastysaved=\dimen271
\tikz@lastmovetox=\dimen272
\tikz@lastmovetoy=\dimen273
\tikzleveldistance=\dimen274
\tikzsiblingdistance=\dimen275
\tikz@figbox=\box64
\tikz@figbox@bg=\box65
\tikz@tempbox=\box66
\tikz@tempbox@bg=\box67
\tikztreelevel=\count312
\tikznumberofchildren=\count313
\tikznumberofcurrentchild=\count314
\tikz@fig@count=\count315

(/opt/texlive/2025/texmf-dist/tex/generic/pgf/modules/pgfmodulematrix.code.tex
File: pgfmodulematrix.code.tex 2023-01-15 v3.1.10 (3.1.10)
\pgfmatrixcurrentrow=\count316
\pgfmatrixcurrentcolumn=\count317
\pgf@matrix@numberofcolumns=\count318
)
\tikz@expandcount=\count319

(/opt/texlive/2025/texmf-dist/tex/generic/pgf/frontendlayer/tikz/libraries/tikz
librarytopaths.code.tex
File: tikzlibrarytopaths.code.tex 2023-01-15 v3.1.10 (3.1.10)
)))
(/opt/texlive/2025/texmf-dist/tex/generic/pgf/frontendlayer/tikz/libraries/tikz
librarycalc.code.tex
File: tikzlibrarycalc.code.tex 2023-01-15 v3.1.10 (3.1.10)
)
(/opt/texlive/2025/texmf-dist/tex/generic/pgf/libraries/pgflibraryarrows.meta.c
ode.tex
File: pgflibraryarrows.meta.code.tex 2023-01-15 v3.1.10 (3.1.10)
\pgfarrowinset=\dimen276
\pgfarrowlength=\dimen277
\pgfarrowwidth=\dimen278
\pgfarrowlinewidth=\dimen279
)
(/opt/texlive/2025/texmf-dist/tex/generic/pgf/frontendlayer/tikz/libraries/tikz
librarybending.code.tex
File: tikzlibrarybending.code.tex 2023-01-15 v3.1.10 (3.1.10)

(/opt/texlive/2025/texmf-dist/tex/generic/pgf/modules/pgfmodulebending.code.tex
File: pgfmodulebending.code.tex 2023-01-15 v3.1.10 (3.1.10)

(/opt/texlive/2025/texmf-dist/tex/generic/pgf/modules/pgfmodulenonlineartransfo
rmations.code.tex
File: pgfmodulenonlineartransformations.code.tex 2023-01-15 v3.1.10 (3.1.10)
\pgftransformnonlinearflatness=\dimen280
)
(/opt/texlive/2025/texmf-dist/tex/generic/pgf/libraries/pgflibrarycurvilinear.c
ode.tex
File: pgflibrarycurvilinear.code.tex 2023-01-15 v3.1.10 (3.1.10)
\pgf@curvilinear@time@a=\dimen281
\pgf@curvilinear@length@a=\dimen282
\pgf@curvilinear@length@b=\dimen283
\pgf@curvilinear@length@c=\dimen284
\pgf@curvilinear@length@d=\dimen285
)
\pgf@arrows@the@rigidity=\dimen286
))
(/opt/texlive/2025/texmf-dist/tex/generic/pgf/frontendlayer/tikz/libraries/tikz
libraryfpu.code.tex
(/opt/texlive/2025/texmf-dist/tex/generic/pgf/libraries/pgflibraryfpu.code.tex)
) (/opt/texlive/2025/texmf-dist/tex/generic/circuitikz/pgfcirc.defines.tex
\pgf@circ@count@a=\count320
\pgf@circ@count@b=\count321
\pgf@circ@count@c=\count322
\pgf@circ@res@up=\dimen287
\pgf@circ@res@down=\dimen288
\pgf@circ@res@zero=\dimen289
\pgf@circ@res@left=\dimen290
\pgf@circ@res@right=\dimen291
\pgf@circ@res@other=\dimen292
\pgf@circ@res@step=\dimen293
\pgf@circ@res@temp=\dimen294
\pgf@circ@Rlen=\dimen295
\pgf@circ@scaled@Rlen=\dimen296
\pgfstartlinewidth=\dimen297
)
(/opt/texlive/2025/texmf-dist/tex/generic/circuitikz/pgfcircutils.tex
\ctikz@scratchbox=\box68
)
(/opt/texlive/2025/texmf-dist/tex/generic/circuitikz/pgfcircpath.tex)
(/opt/texlive/2025/texmf-dist/tex/generic/circuitikz/pgfcircshapes.tex)
(/opt/texlive/2025/texmf-dist/tex/generic/circuitikz/pgfcircmonopoles.tex)
(/opt/texlive/2025/texmf-dist/tex/generic/circuitikz/pgfcircbipoles.tex)
(/opt/texlive/2025/texmf-dist/tex/generic/circuitikz/pgfcirctripoles.tex
\pgf@circ@res@count=\count323
)
(/opt/texlive/2025/texmf-dist/tex/generic/circuitikz/pgfcircquadpoles.tex)
(/opt/texlive/2025/texmf-dist/tex/generic/circuitikz/pgfcircmultipoles.tex)
(/opt/texlive/2025/texmf-dist/tex/generic/circuitikz/pgfcirclabel.tex)
(/opt/texlive/2025/texmf-dist/tex/generic/circuitikz/pgfcircvoltage.tex
\pgfcirc@labelshift=\dimen298
)
(/opt/texlive/2025/texmf-dist/tex/generic/circuitikz/pgfcirccurrent.tex)
(/opt/texlive/2025/texmf-dist/tex/generic/circuitikz/pgfcircflow.tex))
(/opt/texlive/2025/texmf-dist/tex/latex/caption/caption.sty
Package: caption 2023/08/05 v3.6o Customizing captions (AR)

(/opt/texlive/2025/texmf-dist/tex/latex/caption/caption3.sty
Package: caption3 2023/07/31 v2.4d caption3 kernel (AR)
\caption@tempdima=\dimen299
\captionmargin=\dimen300
\caption@leftmargin=\dimen301
\caption@rightmargin=\dimen302
\caption@width=\dimen303
\caption@indent=\dimen304
\caption@parindent=\dimen305
\caption@hangindent=\dimen306
Package caption Info: Standard document class detected.
)
\c@caption@flags=\count324
\c@continuedfloat=\count325
Package caption Info: float package is loaded.
Package caption Info: hyperref package is loaded.
)
(/opt/texlive/2025/texmf-dist/tex/latex/siunitx/siunitx.sty
Package: siunitx 2025-02-27 v3.4.6 A comprehensive (SI) units package
\l__siunitx_number_uncert_offset_int=\count326
\l__siunitx_number_exponent_fixed_int=\count327
\l__siunitx_number_min_decimal_int=\count328
\l__siunitx_number_min_integer_int=\count329
\l__siunitx_number_round_precision_int=\count330
\l__siunitx_number_lower_threshold_int=\count331
\l__siunitx_number_upper_threshold_int=\count332
\l__siunitx_number_group_first_int=\count333
\l__siunitx_number_group_size_int=\count334
\l__siunitx_number_group_minimum_int=\count335
\l__siunitx_angle_tmp_dim=\dimen307
\l__siunitx_angle_marker_box=\box69
\l__siunitx_angle_unit_box=\box70
\l__siunitx_compound_count_int=\count336

(/opt/texlive/2025/texmf-dist/tex/latex/translations/translations.sty
Package: translations 2022/02/05 v1.12 internationalization of LaTeX2e packages
 (CN)
)
\l__siunitx_table_tmp_box=\box71
\l__siunitx_table_tmp_dim=\dimen308
\l__siunitx_table_column_width_dim=\dimen309
\l__siunitx_table_integer_box=\box72
\l__siunitx_table_decimal_box=\box73
\l__siunitx_table_uncert_box=\box74
\l__siunitx_table_before_box=\box75
\l__siunitx_table_after_box=\box76
\l__siunitx_table_before_dim=\dimen310
\l__siunitx_table_carry_dim=\dimen311
\l__siunitx_unit_tmp_int=\count337
\l__siunitx_unit_position_int=\count338
\l__siunitx_unit_total_int=\count339

(/opt/texlive/2025/texmf-dist/tex/latex/tools/array.sty
Package: array 2024/10/17 v2.6g Tabular extension package (FMi)
\col@sep=\dimen312
\ar@mcellbox=\box77
\extrarowheight=\dimen313
\NC@list=\toks42
\extratabsurround=\skip71
\backup@length=\skip72
\ar@cellbox=\box78
))
(/opt/texlive/2025/texmf-dist/tex/latex/caption/subcaption.sty
Package: subcaption 2023/07/28 v1.6b Sub-captions (AR)
Package caption Info: New subtype `subfigure' on input line 238.
\c@subfigure=\count340
Package caption Info: New subtype `subtable' on input line 238.
\c@subtable=\count341
)
(/opt/texlive/2025/texmf-dist/tex/latex/booktabs/booktabs.sty
Package: booktabs 2020/01/12 v1.61803398 Publication quality tables
\heavyrulewidth=\dimen314
\lightrulewidth=\dimen315
\cmidrulewidth=\dimen316
\belowrulesep=\dimen317
\belowbottomsep=\dimen318
\aboverulesep=\dimen319
\abovetopsep=\dimen320
\cmidrulesep=\dimen321
\cmidrulekern=\dimen322
\defaultaddspace=\dimen323
\@cmidla=\count342
\@cmidlb=\count343
\@aboverulesep=\dimen324
\@belowrulesep=\dimen325
\@thisruleclass=\count344
\@lastruleclass=\count345
\@thisrulewidth=\dimen326
)
Package hyperref Info: Option `colorlinks' set `true' on input line 25.
Package translations Info: No language package found. I am going to use `englis
h' as default language. on input line 26.

(/opt/texlive/2025/texmf-dist/tex/latex/l3backend/l3backend-pdftex.def
File: l3backend-pdftex.def 2024-05-08 L3 backend support: PDF output (pdfTeX)
\l__color_backend_stack_int=\count346
\l__pdf_internal_box=\box79
)
(./main.aux)
\openout1 = `main.aux'.

LaTeX Font Info:    Checking defaults for OML/cmm/m/it on input line 26.
LaTeX Font Info:    ... okay on input line 26.
LaTeX Font Info:    Checking defaults for OMS/cmsy/m/n on input line 26.
LaTeX Font Info:    ... okay on input line 26.
LaTeX Font Info:    Checking defaults for OT1/cmr/m/n on input line 26.
LaTeX Font Info:    ... okay on input line 26.
LaTeX Font Info:    Checking defaults for T1/cmr/m/n on input line 26.
LaTeX Font Info:    ... okay on input line 26.
LaTeX Font Info:    Checking defaults for TS1/cmr/m/n on input line 26.
LaTeX Font Info:    ... okay on input line 26.
LaTeX Font Info:    Checking defaults for OMX/cmex/m/n on input line 26.
LaTeX Font Info:    ... okay on input line 26.
LaTeX Font Info:    Checking defaults for U/cmr/m/n on input line 26.
LaTeX Font Info:    ... okay on input line 26.
LaTeX Font Info:    Checking defaults for PD1/pdf/m/n on input line 26.
LaTeX Font Info:    ... okay on input line 26.
LaTeX Font Info:    Checking defaults for PU/pdf/m/n on input line 26.
LaTeX Font Info:    ... okay on input line 26.
 (/opt/texlive/2025/texmf-dist/tex/context/base/mkii/supp-pdf.mkii
[Loading MPS to PDF converter (version 2006.09.02).]
\scratchcounter=\count347
\scratchdimen=\dimen327
\scratchbox=\box80
\nofMPsegments=\count348
\nofMParguments=\count349
\everyMPshowfont=\toks43
\MPscratchCnt=\count350
\MPscratchDim=\dimen328
\MPnumerator=\count351
\makeMPintoPDFobject=\count352
\everyMPtoPDFconversion=\toks44
) (/opt/texlive/2025/texmf-dist/tex/latex/epstopdf-pkg/epstopdf-base.sty
Package: epstopdf-base 2020-01-24 v2.11 Base part for package epstopdf
Package epstopdf-base Info: Redefining graphics rule for `.eps' on input line 4
85.

(/opt/texlive/2025/texmf-dist/tex/latex/latexconfig/epstopdf-sys.cfg
File: epstopdf-sys.cfg 2010/07/13 v1.3 Configuration of (r)epstopdf for TeX Liv
e
))
*geometry* driver: auto-detecting
*geometry* detected driver: pdftex
*geometry* verbose mode - [ preamble ] result:
* driver: pdftex
* paper: a4paper
* layout: <same size as paper>
* layoutoffset:(h,v)=(0.0pt,0.0pt)
* modes: 
* h-part:(L,W,R)=(89.62709pt, 418.25368pt, 89.6271pt)
* v-part:(T,H,B)=(101.40665pt, 591.5302pt, 152.11pt)
* \paperwidth=597.50787pt
* \paperheight=845.04684pt
* \textwidth=418.25368pt
* \textheight=591.5302pt
* \oddsidemargin=17.3571pt
* \evensidemargin=17.3571pt
* \topmargin=-7.86334pt
* \headheight=12.0pt
* \headsep=25.0pt
* \topskip=12.0pt
* \footskip=30.0pt
* \marginparwidth=35.0pt
* \marginparsep=10.0pt
* \columnsep=10.0pt
* \skip\footins=10.8pt plus 4.0pt minus 2.0pt
* \hoffset=0.0pt
* \voffset=0.0pt
* \mag=1000
* \@twocolumnfalse
* \@twosidefalse
* \@mparswitchfalse
* \@reversemarginfalse
* (1in=72.27pt=25.4mm, 1cm=28.453pt)

Package hyperref Info: Link coloring ON on input line 26.
(./main.out) (./main.out)
\@outlinefile=\write4
\openout4 = `main.out'.

Package caption Info: Begin \AtBeginDocument code.
Package caption Info: End \AtBeginDocument code.

(/opt/texlive/2025/texmf-dist/tex/latex/translations/translations-basic-diction
ary-english.trsl
File: translations-basic-dictionary-english.trsl (english translation file `tra
nslations-basic-dictionary')
)
Package translations Info: loading dictionary `translations-basic-dictionary' f
or `english'. on input line 26.
<.logo/logo.png, id=27, 1204.5pt x 1318.9275pt>
File: .logo/logo.png Graphic file (type png)
<use .logo/logo.png>
Package pdftex.def Info: .logo/logo.png  used on input line 47.
(pdftex.def)             Requested size: 100.0pt x 109.48102pt.


[1

{/opt/texlive/2025/texmf-var/fonts/map/pdftex/updmap/pdftex.map}{/opt/texlive/2
025/texmf-dist/fonts/enc/dvips/cm-super/cm-super-t1.enc} <./.logo/logo.png>]

[2] (./main.toc)
\tf@toc=\write5
\openout5 = `main.toc'.




pdfTeX warning (ext4): destination with the same identifier (name{page.1}) has 
been already used, duplicate ignored
<to be read again> 
                   \relax 
l.70 \chapter
             {Introduction} [1

]
Chapter 1.



pdfTeX warning (ext4): destination with the same identifier (name{page.2}) has 
been already used, duplicate ignored
<to be read again> 
                   \relax 
l.114 \chapter
              {Governing Differential Equation} [2

]
Chapter 2.


[3

]
Chapter 3.
<figs/ForwardEuler-numerical.png, id=70, 867.24pt x 578.16pt>
File: figs/ForwardEuler-numerical.png Graphic file (type png)
<use figs/ForwardEuler-numerical.png>
Package pdftex.def Info: figs/ForwardEuler-numerical.png  used on input line 17
9.
(pdftex.def)             Requested size: 433.61894pt x 289.07928pt.

Overfull \hbox (15.36526pt too wide) in paragraph at lines 179--180
 [][] 
 []


LaTeX Warning: `!h' float specifier changed to `!ht'.



[4

]

[5 <./figs/ForwardEuler-numerical.png>]
<figs/BackwardEuler-numerical.png, id=98, 867.24pt x 578.16pt>
File: figs/BackwardEuler-numerical.png Graphic file (type png)
<use figs/BackwardEuler-numerical.png>
Package pdftex.def Info: figs/BackwardEuler-numerical.png  used on input line 2
16.
(pdftex.def)             Requested size: 433.61894pt x 289.07928pt.

Overfull \hbox (15.36526pt too wide) in paragraph at lines 216--217
 [][] 
 []



[6 <./figs/BackwardEuler-numerical.png>]
<figs/RK4-numerical.png, id=109, 867.24pt x 578.16pt>
File: figs/RK4-numerical.png Graphic file (type png)
<use figs/RK4-numerical.png>
Package pdftex.def Info: figs/RK4-numerical.png  used on input line 243.
(pdftex.def)             Requested size: 433.61894pt x 289.07928pt.

Overfull \hbox (15.36526pt too wide) in paragraph at lines 243--244
 [][] 
 []



[7 <./figs/RK4-numerical.png>]
Chapter 4.


[8

]
Underfull \hbox (badness 10000) in paragraph at lines 295--297

 []


Overfull \hbox (26.01175pt too wide) detected at line 299
[]
 []


Underfull \hbox (badness 10000) in paragraph at lines 302--304

 []



[9]
Underfull \hbox (badness 10000) in paragraph at lines 313--314

 []


Package hyperref Warning: Token not allowed in a PDF string (Unicode):
(hyperref)                removing `math shift' on input line 320.


Package hyperref Warning: Token not allowed in a PDF string (Unicode):
(hyperref)                removing `math shift' on input line 320.


Overfull \hbox (0.85274pt too wide) detected at line 326
[]
 []



[10]

[11]
Overfull \hbox (37.01985pt too wide) in paragraph at lines 412--414
\T1/cmr/m/n/12 code, [][]$\T1/cmtt/m/n/12 https : / / github . com / ArjunPavan
je / EE1060 / blob / main / Quiz3 / codes / voltage _
 []

<figs/phase_spectrum.png, id=183, 682.2288pt x 706.0779pt>
File: figs/phase_spectrum.png Graphic file (type png)
<use figs/phase_spectrum.png>
Package pdftex.def Info: figs/phase_spectrum.png  used on input line 417.
(pdftex.def)             Requested size: 292.77629pt x 303.00423pt.
<figs/amplitude_spectrum.png, id=184, 682.2288pt x 706.0779pt>
File: figs/amplitude_spectrum.png Graphic file (type png)
<use figs/amplitude_spectrum.png>
Package pdftex.def Info: figs/amplitude_spectrum.png  used on input line 422.
(pdftex.def)             Requested size: 418.25368pt x 432.87242pt.

LaTeX Warning: `!h' float specifier changed to `!ht'.



[12 <./figs/phase_spectrum.png>]

[13 <./figs/amplitude_spectrum.png>]

[14]

[15{/opt/texlive/2025/texmf-dist/fonts/enc/dvips/cm-super/cm-super-ts1.enc}]
Underfull \hbox (badness 10000) in paragraph at lines 523--525

 []

<figs/fourier convergence.png, id=233, 682.2288pt x 706.0779pt>
File: figs/fourier convergence.png Graphic file (type png)
<use figs/fourier convergence.png>
Package pdftex.def Info: figs/fourier convergence.png  used on input line 530.
(pdftex.def)             Requested size: 418.25368pt x 432.87242pt.


[16]

[17 <./figs/fourier convergence.png>]
Chapter 5.

Package hyperref Warning: Token not allowed in a PDF string (Unicode):
(hyperref)                removing `math shift' on input line 544.


Package hyperref Warning: Token not allowed in a PDF string (Unicode):
(hyperref)                removing `\tau' on input line 544.


Package hyperref Warning: Token not allowed in a PDF string (Unicode):
(hyperref)                removing `\ll' on input line 544.


Package hyperref Warning: Token not allowed in a PDF string (Unicode):
(hyperref)                removing `math shift' on input line 544.



[18

]
Overfull \hbox (8.74615pt too wide) in paragraph at lines 566--568
\T1/cmr/m/n/12 Code used, [][]$\T1/cmtt/m/n/12 https : / / github . com / Arjun
Pavanje / EE1060 / blob / main / Quiz3 /
 []

<figs/tau<<T-1.png, id=255, 682.2288pt x 706.0779pt>
File: figs/tau<<T-1.png Graphic file (type png)
<use figs/tau<<T-1.png>
Package pdftex.def Info: figs/tau<<T-1.png  used on input line 573.
(pdftex.def)             Requested size: 409.34044pt x 423.65pt.


[19]
<figs/tau<<T-2.png, id=265, 682.2288pt x 706.0779pt>
File: figs/tau<<T-2.png Graphic file (type png)
<use figs/tau<<T-2.png>
Package pdftex.def Info: figs/tau<<T-2.png  used on input line 579.
(pdftex.def)             Requested size: 409.34044pt x 423.65pt.


[20 <./figs/tau<<T-1.png>]
<figs/tau<<T-3.png, id=272, 682.2288pt x 706.0779pt>
File: figs/tau<<T-3.png Graphic file (type png)
<use figs/tau<<T-3.png>
Package pdftex.def Info: figs/tau<<T-3.png  used on input line 586.
(pdftex.def)             Requested size: 409.34044pt x 423.65pt.


[21 <./figs/tau<<T-2.png>]

Package hyperref Warning: Token not allowed in a PDF string (Unicode):
(hyperref)                removing `math shift' on input line 594.


Package hyperref Warning: Token not allowed in a PDF string (Unicode):
(hyperref)                removing `\tau' on input line 594.


Package hyperref Warning: Token not allowed in a PDF string (Unicode):
(hyperref)                removing `\approx' on input line 594.


Package hyperref Warning: Token not allowed in a PDF string (Unicode):
(hyperref)                removing `math shift' on input line 594.



[22 <./figs/tau<<T-3.png>]
Overfull \hbox (8.74615pt too wide) in paragraph at lines 603--605
\T1/cmr/m/n/12 Code used, [][]$\T1/cmtt/m/n/12 https : / / github . com / Arjun
Pavanje / EE1060 / blob / main / Quiz3 /
 []

<figs/tau=T-1.png, id=288, 682.2288pt x 706.0779pt>
File: figs/tau=T-1.png Graphic file (type png)
<use figs/tau=T-1.png>
Package pdftex.def Info: figs/tau=T-1.png  used on input line 609.
(pdftex.def)             Requested size: 272.88667pt x 282.42615pt.
<figs/tau=T-2.png, id=289, 682.2288pt x 706.0779pt>
File: figs/tau=T-2.png Graphic file (type png)
<use figs/tau=T-2.png>
Package pdftex.def Info: figs/tau=T-2.png  used on input line 614.
(pdftex.def)             Requested size: 409.34044pt x 423.65pt.


[23 <./figs/tau=T-1.png>]
<figs/tau=T-3.png, id=298, 682.2288pt x 706.0779pt>
File: figs/tau=T-3.png Graphic file (type png)
<use figs/tau=T-3.png>
Package pdftex.def Info: figs/tau=T-3.png  used on input line 620.
(pdftex.def)             Requested size: 409.34044pt x 423.65pt.


[24 <./figs/tau=T-2.png>]

Package hyperref Warning: Token not allowed in a PDF string (Unicode):
(hyperref)                removing `math shift' on input line 626.


Package hyperref Warning: Token not allowed in a PDF string (Unicode):
(hyperref)                removing `\tau' on input line 626.


Package hyperref Warning: Token not allowed in a PDF string (Unicode):
(hyperref)                removing `\gg' on input line 626.


Package hyperref Warning: Token not allowed in a PDF string (Unicode):
(hyperref)                removing `math shift' on input line 626.



[25 <./figs/tau=T-3.png>]
Overfull \hbox (8.74615pt too wide) in paragraph at lines 637--639
\T1/cmr/m/n/12 Code used, [][]$\T1/cmtt/m/n/12 https : / / github . com / Arjun
Pavanje / EE1060 / blob / main / Quiz3 /
 []

<figs/tau>>T-1.png, id=313, 682.2288pt x 706.0779pt>
File: figs/tau>>T-1.png Graphic file (type png)
<use figs/tau>>T-1.png>
Package pdftex.def Info: figs/tau>>T-1.png  used on input line 644.
(pdftex.def)             Requested size: 409.34044pt x 423.65pt.


[26]
<figs/tau>>T-2.png, id=320, 682.2288pt x 706.0779pt>
File: figs/tau>>T-2.png Graphic file (type png)
<use figs/tau>>T-2.png>
Package pdftex.def Info: figs/tau>>T-2.png  used on input line 650.
(pdftex.def)             Requested size: 409.34044pt x 423.65pt.


[27 <./figs/tau>>T-1.png>]
<figs/tau>>T-3.png, id=327, 682.2288pt x 706.0779pt>
File: figs/tau>>T-3.png Graphic file (type png)
<use figs/tau>>T-3.png>
Package pdftex.def Info: figs/tau>>T-3.png  used on input line 657.
(pdftex.def)             Requested size: 409.34044pt x 423.65pt.


[28 <./figs/tau>>T-2.png>]

[29 <./figs/tau>>T-3.png>]
Chapter 6.


[30

]

[31]
Underfull \hbox (badness 10000) in paragraph at lines 741--742

 []

<figs/numerical-1.png, id=367, 682.2288pt x 706.0779pt>
File: figs/numerical-1.png Graphic file (type png)
<use figs/numerical-1.png>
Package pdftex.def Info: figs/numerical-1.png  used on input line 746.
(pdftex.def)             Requested size: 341.11356pt x 353.03807pt.
<figs/numerical-2.png, id=368, 682.2288pt x 706.0779pt>
File: figs/numerical-2.png Graphic file (type png)
<use figs/numerical-2.png>
Package pdftex.def Info: figs/numerical-2.png  used on input line 751.
(pdftex.def)             Requested size: 341.11356pt x 353.03807pt.

LaTeX Warning: `!h' float specifier changed to `!ht'.

<figs/numerical-3.png, id=369, 682.2288pt x 706.0779pt>
File: figs/numerical-3.png Graphic file (type png)
<use figs/numerical-3.png>
Package pdftex.def Info: figs/numerical-3.png  used on input line 756.
(pdftex.def)             Requested size: 341.11356pt x 353.03807pt.

LaTeX Warning: `!h' float specifier changed to `!ht'.



[32 <./figs/numerical-1.png>]

[33 <./figs/numerical-2.png>]

[34 <./figs/numerical-3.png>]
Chapter 7.


[35

]
<figs/forward_euler_stability.png, id=403, 682.2288pt x 706.0779pt>
File: figs/forward_euler_stability.png Graphic file (type png)
<use figs/forward_euler_stability.png>
Package pdftex.def Info: figs/forward_euler_stability.png  used on input line 7
99.
(pdftex.def)             Requested size: 341.11356pt x 353.03807pt.


[36 <./figs/forward_euler_stability.png>]
<figs/backward_euler_stability.png, id=411, 682.2288pt x 706.0779pt>
File: figs/backward_euler_stability.png Graphic file (type png)
<use figs/backward_euler_stability.png>
Package pdftex.def Info: figs/backward_euler_stability.png  used on input line 
837.
(pdftex.def)             Requested size: 272.88667pt x 282.42615pt.


[37 <./figs/backward_euler_stability.png>]

[38]
<figs/rk4_stability.png, id=427, 682.2288pt x 706.0779pt>
File: figs/rk4_stability.png Graphic file (type png)
<use figs/rk4_stability.png>
Package pdftex.def Info: figs/rk4_stability.png  used on input line 862.
(pdftex.def)             Requested size: 409.34044pt x 423.65pt.

Overfull \hbox (11.03876pt too wide) in paragraph at lines 864--865
\T1/cmr/m/n/12 All codes used for plot-ting may be found here, [][]$\T1/cmtt/m/
n/12 https : / / github . com / ArjunPavanje /
 []

<figs/conv-1.png, id=429, 682.2288pt x 706.0779pt>
File: figs/conv-1.png Graphic file (type png)
<use figs/conv-1.png>
Package pdftex.def Info: figs/conv-1.png  used on input line 869.
(pdftex.def)             Requested size: 418.25368pt x 432.87242pt.
<figs/conv-2.png, id=430, 682.2288pt x 706.0779pt>
File: figs/conv-2.png Graphic file (type png)
<use figs/conv-2.png>
Package pdftex.def Info: figs/conv-2.png  used on input line 874.
(pdftex.def)             Requested size: 418.25368pt x 432.87242pt.
<figs/conv-3.png, id=431, 682.2288pt x 706.0779pt>
File: figs/conv-3.png Graphic file (type png)
<use figs/conv-3.png>
Package pdftex.def Info: figs/conv-3.png  used on input line 879.
(pdftex.def)             Requested size: 418.25368pt x 432.87242pt.


[39 <./figs/rk4_stability.png>]

[40 <./figs/conv-1.png>]

[41 <./figs/conv-2.png>]

[42 <./figs/conv-3.png>]
Chapter 8.

Package hyperref Warning: Difference (2) between bookmark levels is greater 
(hyperref)                than one, level fixed on input line 887.



[43

]

[44] (./main.aux)
 ***********
LaTeX2e <2024-11-01> patch level 2
L3 programming layer <2025-01-18>
 ***********


LaTeX Warning: Label(s) may have changed. Rerun to get cross-references right.


Package rerunfilecheck Warning: File `main.out' has changed.
(rerunfilecheck)                Rerun to get outlines right
(rerunfilecheck)                or use package `bookmark'.

Package rerunfilecheck Info: Checksums for `main.out':
(rerunfilecheck)             Before: F3E92CDFB611FD1A9F5263D687B3CFAA;794
(rerunfilecheck)             After:  76EADFDAA33443FFD6AB9351ADCE77A8;6891.
 ) 
Here is how much of TeX's memory you used:
 45477 strings out of 473190
 1103704 string characters out of 5691840
 1679853 words of memory out of 5000000
 68086 multiletter control sequences out of 15000+600000
 574653 words of font info for 71 fonts, out of 8000000 for 9000
 1141 hyphenation exceptions out of 8191
 99i,13n,105p,508b,1165s stack positions out of 10000i,1000n,20000p,200000b,200000s
</opt/texlive/2025/texmf-dist/fonts/type1/public/amsfonts/cm/cmex10.pfb></opt
/texlive/2025/texmf-dist/fonts/type1/public/amsfonts/cm/cmmi12.pfb></opt/texliv
e/2025/texmf-dist/fonts/type1/public/amsfonts/cm/cmmi6.pfb></opt/texlive/2025/t
exmf-dist/fonts/type1/public/amsfonts/cm/cmmi8.pfb></opt/texlive/2025/texmf-dis
t/fonts/type1/public/amsfonts/cm/cmr12.pfb></opt/texlive/2025/texmf-dist/fonts/
type1/public/amsfonts/cm/cmr17.pfb></opt/texlive/2025/texmf-dist/fonts/type1/pu
blic/amsfonts/cm/cmr6.pfb></opt/texlive/2025/texmf-dist/fonts/type1/public/amsf
onts/cm/cmr8.pfb></opt/texlive/2025/texmf-dist/fonts/type1/public/amsfonts/cm/c
msy10.pfb></opt/texlive/2025/texmf-dist/fonts/type1/public/amsfonts/cm/cmsy6.pf
b></opt/texlive/2025/texmf-dist/fonts/type1/public/amsfonts/cm/cmsy8.pfb></opt/
texlive/2025/texmf-dist/fonts/type1/public/cm-super/sfbx1200.pfb></opt/texlive/
2025/texmf-dist/fonts/type1/public/cm-super/sfbx1440.pfb></opt/texlive/2025/tex
mf-dist/fonts/type1/public/cm-super/sfbx1728.pfb></opt/texlive/2025/texmf-dist/
fonts/type1/public/cm-super/sfbx2074.pfb></opt/texlive/2025/texmf-dist/fonts/ty
pe1/public/cm-super/sfbx2488.pfb></opt/texlive/2025/texmf-dist/fonts/type1/publ
ic/cm-super/sfrm0800.pfb></opt/texlive/2025/texmf-dist/fonts/type1/public/cm-su
per/sfrm1200.pfb></opt/texlive/2025/texmf-dist/fonts/type1/public/cm-super/sfrm
1440.pfb></opt/texlive/2025/texmf-dist/fonts/type1/public/cm-super/sfrm2074.pfb
></opt/texlive/2025/texmf-dist/fonts/type1/public/cm-super/sftt1200.pfb>
Output written on main.pdf (46 pages, 2267234 bytes).
PDF statistics:
 610 PDF objects out of 1000 (max. 8388607)
 464 compressed objects within 5 object streams
 209 named destinations out of 1000 (max. 500000)
 178 words of extra memory for PDF output out of 10000 (max. 10000000)

