\BOOKMARK [0][-]{chapter.1}{\376\377\000I\000n\000t\000r\000o\000d\000u\000c\000t\000i\000o\000n}{}% 1
\BOOKMARK [0][-]{chapter.2}{\376\377\000G\000o\000v\000e\000r\000n\000i\000n\000g\000\040\000D\000i\000f\000f\000e\000r\000e\000n\000t\000i\000a\000l\000\040\000E\000q\000u\000a\000t\000i\000o\000n}{}% 2
\BOOKMARK [1][-]{section.2.1}{\376\377\000C\000u\000r\000r\000e\000n\000t\000\040\000r\000e\000s\000p\000o\000n\000s\000e}{chapter.2}% 3
\BOOKMARK [1][-]{section.2.2}{\376\377\000V\000o\000l\000t\000a\000g\000e\000\040\000a\000c\000r\000o\000s\000s\000\040\000i\000n\000d\000u\000c\000t\000o\000r}{chapter.2}% 4
\BOOKMARK [1][-]{section.2.3}{\376\377\000V\000o\000l\000t\000a\000g\000e\000\040\000a\000c\000r\000o\000s\000s\000\040\000R\000e\000s\000i\000s\000t\000o\000r}{chapter.2}% 5
\BOOKMARK [0][-]{chapter.3}{\376\377\000N\000u\000m\000e\000r\000i\000c\000a\000l\000\040\000M\000e\000t\000h\000o\000d\000s}{}% 6
\BOOKMARK [1][-]{section.3.1}{\376\377\000F\000o\000r\000w\000a\000r\000d\000\040\000E\000u\000l\000e\000r\000\040\000M\000e\000t\000h\000o\000d}{chapter.3}% 7
\BOOKMARK [1][-]{section.3.2}{\376\377\000B\000a\000c\000k\000w\000a\000r\000d\000\040\000E\000u\000l\000e\000r\000\040\000M\000e\000t\000h\000o\000d}{chapter.3}% 8
\BOOKMARK [1][-]{section.3.3}{\376\377\000R\000u\000n\000g\000e\000-\000K\000u\000t\000t\000a\000\040\0004\000t\000h\000\040\000O\000r\000d\000e\000r\000\040\000M\000e\000t\000h\000o\000d\000\040\000\050\000R\000K\0004\000\051}{chapter.3}% 9
\BOOKMARK [0][-]{chapter.4}{\376\377\000A\000n\000a\000l\000y\000t\000i\000c\000a\000l\000\040\000M\000e\000t\000h\000o\000d\000:\000\040\000F\000o\000u\000r\000i\000e\000r\000\040\000S\000e\000r\000i\000e\000s}{}% 10
\BOOKMARK [1][-]{section.4.1}{\376\377\000F\000o\000u\000r\000i\000e\000r\000\040\000S\000e\000r\000i\000e\000s}{chapter.4}% 11
\BOOKMARK [1][-]{section.4.2}{\376\377\000F\000o\000u\000r\000i\000e\000r\000\040\000S\000p\000e\000c\000t\000r\000u\000m\000\040\000o\000f\000\040\000\040\000V\000\050\000t\000\051\000\040}{chapter.4}% 12
\BOOKMARK [2][-]{subsection.4.2.1}{\376\377\000F\000o\000u\000r\000i\000e\000r\000\040\000C\000o\000e\000f\000f\000i\000c\000i\000e\000n\000t\000s}{section.4.2}% 13
\BOOKMARK [2][-]{subsection.4.2.2}{\376\377\000A\000m\000p\000l\000i\000t\000u\000d\000e\000\040\000S\000p\000e\000c\000t\000r\000u\000m}{section.4.2}% 14
\BOOKMARK [2][-]{subsection.4.2.3}{\376\377\000P\000h\000a\000s\000e\000\040\000S\000p\000e\000c\000t\000r\000u\000m}{section.4.2}% 15
\BOOKMARK [2][-]{subsection.4.2.4}{\376\377\000F\000i\000n\000a\000l\000\040\000F\000o\000u\000r\000i\000e\000r\000\040\000S\000p\000e\000c\000t\000r\000u\000m}{section.4.2}% 16
\BOOKMARK [1][-]{section.4.3}{\376\377\000C\000o\000n\000v\000e\000r\000g\000e\000n\000c\000e\000\040\000B\000e\000h\000a\000v\000i\000o\000r}{chapter.4}% 17
\BOOKMARK [2][-]{subsection.4.3.1}{\376\377\000C\000o\000n\000d\000i\000t\000i\000o\000n\000s\000\040\000f\000o\000r\000\040\000C\000o\000n\000v\000e\000r\000g\000e\000n\000c\000e}{section.4.3}% 18
\BOOKMARK [2][-]{subsection.4.3.2}{\376\377\000G\000i\000b\000b\000s\000\040\000P\000h\000e\000n\000o\000m\000e\000n\000o\000n\000:\000\040\000O\000v\000e\000r\000s\000h\000o\000o\000t\000\040\000a\000t\000\040\000D\000i\000s\000c\000o\000n\000t\000i\000n\000u\000i\000t\000i\000e\000s}{section.4.3}% 19
\BOOKMARK [2][-]{subsection.4.3.3}{\376\377\000V\000e\000r\000i\000f\000i\000c\000a\000t\000i\000o\000n\000\040\000o\000f\000\040\000D\000i\000r\000i\000c\000h\000l\000e\000t\040\031\000s\000\040\000C\000o\000n\000d\000i\000t\000i\000o\000n\000s\000\040\000a\000n\000d\000\040\000G\000i\000b\000b\000s\000\040\000P\000h\000e\000n\000o\000m\000e\000n\000o\000n}{section.4.3}% 20
\BOOKMARK [2][-]{subsection.4.3.4}{\376\377\000A\000p\000p\000l\000i\000c\000a\000t\000i\000o\000n\000\040\000t\000o\000\040\000a\000\040\000S\000q\000u\000a\000r\000e\000\040\000W\000a\000v\000e}{section.4.3}% 21
\BOOKMARK [0][-]{chapter.5}{\376\377\000E\000f\000f\000e\000c\000t\000\040\000o\000f\000\040\000T\000i\000m\000e\000\040\000C\000o\000n\000s\000t\000a\000n\000t}{}% 22
\BOOKMARK [1][-]{section.5.1}{\376\377\000C\000a\000s\000e\000\040\0001\000:\000\040\000T\000\040\000\050\000S\000m\000a\000l\000l\000\040\000T\000i\000m\000e\000\040\000C\000o\000n\000s\000t\000a\000n\000t\000\051}{chapter.5}% 23
\BOOKMARK [1][-]{section.5.2}{\376\377\000C\000a\000s\000e\000\040\0002\000:\000\040\000T\000\040\000\050\000C\000o\000m\000p\000a\000r\000a\000b\000l\000e\000\040\000T\000i\000m\000e\000\040\000C\000o\000n\000s\000t\000a\000n\000t\000\051}{chapter.5}% 24
\BOOKMARK [1][-]{section.5.3}{\376\377\000C\000a\000s\000e\000\040\0003\000:\000\040\000T\000\040\000\050\000L\000a\000r\000g\000e\000\040\000T\000i\000m\000e\000\040\000C\000o\000n\000s\000t\000a\000n\000t\000\051}{chapter.5}% 25
\BOOKMARK [0][-]{chapter.6}{\376\377\000E\000r\000r\000o\000r\000\040\000a\000n\000a\000l\000y\000s\000i\000s}{}% 26
\BOOKMARK [1][-]{section.6.1}{\376\377\000F\000o\000r\000w\000a\000r\000d\000\040\000E\000u\000l\000e\000r}{chapter.6}% 27
\BOOKMARK [1][-]{section.6.2}{\376\377\000B\000a\000c\000k\000w\000a\000r\000d\000\040\000E\000u\000l\000e\000r}{chapter.6}% 28
\BOOKMARK [1][-]{section.6.3}{\376\377\000R\000u\000n\000g\000e\000-\000K\000u\000t\000t\000a\000\040\0004\000t\000h\000\040\000O\000r\000d\000e\000r\000\040\000\050\000R\000K\0004\000\051}{chapter.6}% 29
\BOOKMARK [0][-]{chapter.7}{\376\377\000D\000e\000t\000a\000i\000l\000e\000d\000\040\000A\000n\000a\000l\000y\000s\000i\000s\000\040\000o\000f\000\040\000S\000t\000e\000p\000\040\000S\000i\000z\000e\000\040\000a\000n\000d\000\040\000S\000t\000a\000b\000i\000l\000i\000t\000y}{}% 30
\BOOKMARK [1][-]{section.7.1}{\376\377\000F\000o\000r\000w\000a\000r\000d\000\040\000E\000u\000l\000e\000r\000\040\000M\000e\000t\000h\000o\000d\000\040\000S\000t\000a\000b\000i\000l\000i\000t\000y}{chapter.7}% 31
\BOOKMARK [1][-]{section.7.2}{\376\377\000B\000a\000c\000k\000w\000a\000r\000d\000\040\000E\000u\000l\000e\000r\000\040\000M\000e\000t\000h\000o\000d\000\040\000S\000t\000a\000b\000i\000l\000i\000t\000y}{chapter.7}% 32
\BOOKMARK [1][-]{section.7.3}{\376\377\000R\000K\0004\000\040\000M\000e\000t\000h\000o\000d\000\040\000S\000t\000a\000b\000i\000l\000i\000t\000y}{chapter.7}% 33
\BOOKMARK [1][-]{section.7.4}{\376\377\000F\000o\000u\000r\000i\000e\000r\000\040\000S\000e\000r\000i\000e\000s}{chapter.7}% 34
\BOOKMARK [0][-]{chapter.8}{\376\377\000C\000o\000n\000c\000l\000u\000s\000i\000o\000n}{}% 35
\BOOKMARK [1][-]{subsection.8.0.1}{\376\377\000K\000e\000y\000\040\000I\000n\000s\000i\000g\000h\000t\000s}{chapter.8}% 36
\BOOKMARK [2][-]{subsection.8.0.2}{\376\377\000B\000r\000o\000a\000d\000e\000r\000\040\000I\000m\000p\000l\000i\000c\000a\000t\000i\000o\000n\000s\000\040\000\046\000\040\000F\000u\000t\000u\000r\000e\000\040\000D\000i\000r\000e\000c\000t\000i\000o\000n\000s}{subsection.8.0.1}% 37
